[2026-05-25 18:10:50] INFO [market_data_system:queue.py:35] - Initialized In-Memory Market Queue.
[2026-05-25 18:10:50] INFO [market_data_system:queue.py:35] - Initialized In-Memory Market Queue.
[2026-05-25 18:10:51] WARNING [market_data_system:collector.py:93] - Skipping tick: Unknown symbol mapping for DOGEUSDT-CORRUPTED
[2026-05-25 18:10:51] ERROR [market_data_system:collector.py:113] - Failed to normalize corrupted/invalid payload: {'symbol': 'BTCUSDT', 'price': 'not-a-number'}. Error: could not convert string to float: 'not-a-number'
[2026-05-25 18:10:51] ERROR [market_data_system:collector.py:113] - Failed to normalize corrupted/invalid payload: {'symbol': 'BTCUSDT', 'price': '-500.00'}. Error: Price must be strictly positive
[2026-05-25 18:10:51] INFO [market_data_system:queue.py:35] - Initialized In-Memory Market Queue.
[2026-05-25 18:10:51] WARNING [market_data_system:collector.py:71] - Attempt 1/3 failed to fetch INVALID_EXCHANGE_TICKER: Client error '400 Bad Request' for url 'https://api.binance.com/api/v3/ticker/price?symbol=INVALID_EXCHANGE_TICKER'
For more information check: https://developer.mozilla.org/en-US/docs/Web/HTTP/Status/400
[2026-05-25 18:10:53] WARNING [market_data_system:collector.py:71] - Attempt 2/3 failed to fetch INVALID_EXCHANGE_TICKER: Client error '400 Bad Request' for url 'https://api.binance.com/api/v3/ticker/price?symbol=INVALID_EXCHANGE_TICKER'
For more information check: https://developer.mozilla.org/en-US/docs/Web/HTTP/Status/400
[2026-05-25 18:10:55] WARNING [market_data_system:collector.py:71] - Attempt 3/3 failed to fetch INVALID_EXCHANGE_TICKER: Client error '400 Bad Request' for url 'https://api.binance.com/api/v3/ticker/price?symbol=INVALID_EXCHANGE_TICKER'
For more information check: https://developer.mozilla.org/en-US/docs/Web/HTTP/Status/400
[2026-05-25 18:10:56] INFO [market_data_system:queue.py:35] - Initialized In-Memory Market Queue.
[2026-05-25 18:11:33] INFO [market_data_system:queue.py:35] - Initialized In-Memory Market Queue.
[2026-05-25 18:11:33] INFO [market_data_system:queue.py:35] - Initialized In-Memory Market Queue.
[2026-05-25 18:11:34] WARNING [market_data_system:collector.py:93] - Skipping tick: Unknown symbol mapping for DOGEUSDT-CORRUPTED
[2026-05-25 18:11:34] ERROR [market_data_system:collector.py:113] - Failed to normalize corrupted/invalid payload: {'symbol': 'BTCUSDT', 'price': 'not-a-number'}. Error: could not convert string to float: 'not-a-number'
[2026-05-25 18:11:34] ERROR [market_data_system:collector.py:113] - Failed to normalize corrupted/invalid payload: {'symbol': 'BTCUSDT', 'price': '-500.00'}. Error: Price must be strictly positive
[2026-05-25 18:11:34] INFO [market_data_system:queue.py:35] - Initialized In-Memory Market Queue.
[2026-05-25 18:11:34] WARNING [market_data_system:collector.py:71] - Attempt 1/3 failed to fetch INVALID_EXCHANGE_TICKER: Client error '400 Bad Request' for url 'https://api.binance.com/api/v3/ticker/price?symbol=INVALID_EXCHANGE_TICKER'
For more information check: https://developer.mozilla.org/en-US/docs/Web/HTTP/Status/400
[2026-05-25 18:11:36] WARNING [market_data_system:collector.py:71] - Attempt 2/3 failed to fetch INVALID_EXCHANGE_TICKER: Client error '400 Bad Request' for url 'https://api.binance.com/api/v3/ticker/price?symbol=INVALID_EXCHANGE_TICKER'
For more information check: https://developer.mozilla.org/en-US/docs/Web/HTTP/Status/400
[2026-05-25 18:11:38] WARNING [market_data_system:collector.py:71] - Attempt 3/3 failed to fetch INVALID_EXCHANGE_TICKER: Client error '400 Bad Request' for url 'https://api.binance.com/api/v3/ticker/price?symbol=INVALID_EXCHANGE_TICKER'
For more information check: https://developer.mozilla.org/en-US/docs/Web/HTTP/Status/400
[2026-05-25 18:11:39] INFO [market_data_system:queue.py:35] - Initialized In-Memory Market Queue.
[2026-05-25 20:51:40] INFO [market_data_system:queue.py:35] - Initialized In-Memory Market Queue.
[2026-05-25 20:51:40] INFO [market_data_system:queue.py:35] - Initialized In-Memory Market Queue.
[2026-05-25 20:51:40] WARNING [market_data_system:collector.py:93] - Skipping tick: Unknown symbol mapping for DOGEUSDT-CORRUPTED
[2026-05-25 20:51:40] ERROR [market_data_system:collector.py:113] - Failed to normalize corrupted/invalid payload: {'symbol': 'BTCUSDT', 'price': 'not-a-number'}. Error: could not convert string to float: 'not-a-number'
[2026-05-25 20:51:40] ERROR [market_data_system:collector.py:113] - Failed to normalize corrupted/invalid payload: {'symbol': 'BTCUSDT', 'price': '-500.00'}. Error: Price must be strictly positive
[2026-05-25 20:51:40] INFO [market_data_system:queue.py:35] - Initialized In-Memory Market Queue.
[2026-05-25 20:51:41] WARNING [market_data_system:collector.py:71] - Attempt 1/3 failed to fetch INVALID_EXCHANGE_TICKER: Client error '400 Bad Request' for url 'https://api.binance.com/api/v3/ticker/price?symbol=INVALID_EXCHANGE_TICKER'
For more information check: https://developer.mozilla.org/en-US/docs/Web/HTTP/Status/400
[2026-05-25 20:51:43] WARNING [market_data_system:collector.py:71] - Attempt 2/3 failed to fetch INVALID_EXCHANGE_TICKER: Client error '400 Bad Request' for url 'https://api.binance.com/api/v3/ticker/price?symbol=INVALID_EXCHANGE_TICKER'
For more information check: https://developer.mozilla.org/en-US/docs/Web/HTTP/Status/400
[2026-05-25 20:51:45] WARNING [market_data_system:collector.py:71] - Attempt 3/3 failed to fetch INVALID_EXCHANGE_TICKER: Client error '400 Bad Request' for url 'https://api.binance.com/api/v3/ticker/price?symbol=INVALID_EXCHANGE_TICKER'
For more information check: https://developer.mozilla.org/en-US/docs/Web/HTTP/Status/400
[2026-05-25 20:51:45] INFO [market_data_system:queue.py:35] - Initialized In-Memory Market Queue.
[2026-05-25 20:57:29] INFO [market_data_system:main.py:19] - Initializing system startup sequences...
[2026-05-25 20:57:29] INFO [market_data_system:database.py:41] - Initializing database schemas...
[2026-05-25 20:57:29] INFO [market_data_system:database.py:45] - Database initialized successfully.
[2026-05-25 20:57:29] INFO [market_data_system:queue.py:64] - Initialized Redis Queue connection to localhost:6379
[2026-05-25 20:57:52] WARNING [market_data_system:queue.py:106] - Redis connection failed (Redis ping failed.). Falling back to InMemoryMarketQueue as configured.
[2026-05-25 20:57:52] INFO [market_data_system:queue.py:35] - Initialized In-Memory Market Queue.
[2026-05-25 20:57:53] INFO [market_data_system:pipeline.py:58] - Real-Time Processing Pipeline coordinator started.
[2026-05-25 20:57:53] INFO [market_data_system:main.py:41] - Startup sequences successfully completed. System is active.
[2026-05-25 20:57:53] INFO [market_data_system:collector.py:138] - Starting Market Data Collector ingestion engine...
[2026-05-25 20:57:54] INFO [market_data_system:ws.py:20] - New client connected. Total active connections: 1
[2026-05-25 20:58:11] WARNING [market_data_system:collector.py:71] - Attempt 1/3 failed to fetch ETHUSDT: 
[2026-05-25 20:58:12] INFO [market_data_system:ws.py:76] - Client triggered normal close sequence.
[2026-05-25 20:58:12] INFO [market_data_system:ws.py:25] - Client disconnected. Total active connections: 0
[2026-05-25 20:58:34] WARNING [market_data_system:collector.py:71] - Attempt 1/3 failed to fetch DOGEUSDT: 
[2026-05-25 20:58:43] INFO [market_data_system:main.py:45] - Initiating system shutdown sequences...
[2026-05-25 20:58:43] INFO [market_data_system:pipeline.py:68] - Real-Time Processing Pipeline coordinator stopped.
[2026-05-25 20:58:43] INFO [market_data_system:collector.py:172] - Stopping Market Data Collector ingestion engine...
[2026-05-25 20:58:43] INFO [market_data_system:main.py:61] - Shutdown sequences completed. System offline.
[2026-05-25 20:58:46] INFO [market_data_system:main.py:19] - Initializing system startup sequences...
[2026-05-25 20:58:46] INFO [market_data_system:database.py:41] - Initializing database schemas...
[2026-05-25 20:58:46] INFO [market_data_system:database.py:45] - Database initialized successfully.
[2026-05-25 20:58:46] INFO [market_data_system:queue.py:64] - Initialized Redis Queue connection to localhost:6379
[2026-05-25 20:59:10] WARNING [market_data_system:queue.py:106] - Redis connection failed (Redis ping failed.). Falling back to InMemoryMarketQueue as configured.
[2026-05-25 20:59:10] INFO [market_data_system:queue.py:35] - Initialized In-Memory Market Queue.
[2026-05-25 20:59:11] INFO [market_data_system:pipeline.py:58] - Real-Time Processing Pipeline coordinator started.
[2026-05-25 20:59:11] INFO [market_data_system:main.py:41] - Startup sequences successfully completed. System is active.
[2026-05-25 20:59:11] INFO [market_data_system:collector.py:138] - Starting Market Data Collector ingestion engine...
[2026-05-25 20:59:35] INFO [market_data_system:ws.py:20] - New client connected. Total active connections: 1
[2026-05-25 20:59:45] INFO [market_data_system:ws.py:76] - Client triggered normal close sequence.
[2026-05-25 20:59:45] INFO [market_data_system:ws.py:25] - Client disconnected. Total active connections: 0
[2026-05-25 21:00:37] INFO [market_data_system:main.py:45] - Initiating system shutdown sequences...
[2026-05-25 21:00:37] INFO [market_data_system:pipeline.py:68] - Real-Time Processing Pipeline coordinator stopped.
[2026-05-25 21:00:37] INFO [market_data_system:collector.py:172] - Stopping Market Data Collector ingestion engine...
[2026-05-25 21:00:37] INFO [market_data_system:main.py:61] - Shutdown sequences completed. System offline.
[2026-05-25 21:00:40] INFO [market_data_system:main.py:19] - Initializing system startup sequences...
[2026-05-25 21:00:40] INFO [market_data_system:database.py:41] - Initializing database schemas...
[2026-05-25 21:00:40] INFO [market_data_system:database.py:45] - Database initialized successfully.
[2026-05-25 21:00:41] INFO [market_data_system:queue.py:64] - Initialized Redis Queue connection to localhost:6379
[2026-05-25 21:01:06] WARNING [market_data_system:queue.py:106] - Redis connection failed (Redis ping failed.). Falling back to InMemoryMarketQueue as configured.
[2026-05-25 21:01:06] INFO [market_data_system:queue.py:35] - Initialized In-Memory Market Queue.
[2026-05-25 21:01:06] INFO [market_data_system:pipeline.py:58] - Real-Time Processing Pipeline coordinator started.
[2026-05-25 21:01:06] INFO [market_data_system:main.py:41] - Startup sequences successfully completed. System is active.
[2026-05-25 21:01:06] INFO [market_data_system:collector.py:138] - Starting Market Data Collector ingestion engine...
[2026-05-25 21:01:16] INFO [market_data_system:ws.py:20] - New client connected. Total active connections: 1
[2026-05-25 21:01:34] WARNING [market_data_system:collector.py:71] - Attempt 1/3 failed to fetch DOGEUSDT: 
[2026-05-25 21:01:48] WARNING [market_data_system:collector.py:71] - Attempt 1/3 failed to fetch SOLUSDT: 
[2026-05-25 21:01:58] INFO [market_data_system:ws.py:20] - New client connected. Total active connections: 2
[2026-05-25 21:02:06] INFO [market_data_system:ws.py:76] - Client triggered normal close sequence.
[2026-05-25 21:02:06] INFO [market_data_system:ws.py:25] - Client disconnected. Total active connections: 1
[2026-05-25 21:02:18] WARNING [market_data_system:collector.py:71] - Attempt 1/3 failed to fetch ADAUSDT: 
[2026-05-25 21:02:25] WARNING [market_data_system:collector.py:71] - Attempt 1/3 failed to fetch ADAUSDT: 
[2026-05-25 21:03:10] INFO [market_data_system:ws.py:76] - Client triggered normal close sequence.
[2026-05-25 21:03:10] INFO [market_data_system:ws.py:25] - Client disconnected. Total active connections: 0
[2026-05-25 21:03:13] WARNING [market_data_system:collector.py:71] - Attempt 1/3 failed to fetch ADAUSDT: 
[2026-05-25 21:03:56] INFO [market_data_system:ws.py:20] - New client connected. Total active connections: 1
[2026-05-25 21:04:34] WARNING [market_data_system:collector.py:71] - Attempt 1/3 failed to fetch DOGEUSDT: 
[2026-05-25 21:04:41] WARNING [market_data_system:collector.py:71] - Attempt 1/3 failed to fetch BTCUSDT: 
[2026-05-25 21:04:46] INFO [market_data_system:ws.py:76] - Client triggered normal close sequence.
[2026-05-25 21:04:46] INFO [market_data_system:ws.py:25] - Client disconnected. Total active connections: 0
[2026-05-25 21:05:16] INFO [market_data_system:ws.py:20] - New client connected. Total active connections: 1
[2026-05-25 21:05:18] WARNING [market_data_system:collector.py:71] - Attempt 1/3 failed to fetch SOLUSDT: 
[2026-05-25 21:05:34] WARNING [market_data_system:collector.py:71] - Attempt 1/3 failed to fetch ETHUSDT: 
[2026-05-25 21:05:41] WARNING [market_data_system:collector.py:71] - Attempt 1/3 failed to fetch DOGEUSDT: 
[2026-05-25 21:06:06] INFO [market_data_system:ws.py:76] - Client triggered normal close sequence.
[2026-05-25 21:06:06] INFO [market_data_system:ws.py:25] - Client disconnected. Total active connections: 0
[2026-05-25 21:06:32] INFO [market_data_system:ws.py:20] - New client connected. Total active connections: 1
[2026-05-25 21:06:45] WARNING [market_data_system:collector.py:71] - Attempt 1/3 failed to fetch BTCUSDT: 
[2026-05-25 21:07:26] WARNING [market_data_system:collector.py:71] - Attempt 1/3 failed to fetch ETHUSDT: 
[2026-05-25 21:07:28] INFO [market_data_system:ws.py:76] - Client triggered normal close sequence.
[2026-05-25 21:07:28] INFO [market_data_system:ws.py:25] - Client disconnected. Total active connections: 0
[2026-05-25 21:07:44] WARNING [market_data_system:collector.py:71] - Attempt 1/3 failed to fetch DOGEUSDT: 
[2026-05-25 21:08:10] INFO [market_data_system:ws.py:20] - New client connected. Total active connections: 1
[2026-05-25 21:08:12] WARNING [market_data_system:collector.py:71] - Attempt 1/3 failed to fetch ADAUSDT: 
[2026-05-25 21:08:19] WARNING [market_data_system:collector.py:71] - Attempt 1/3 failed to fetch BTCUSDT: 
[2026-05-25 21:09:07] INFO [market_data_system:ws.py:76] - Client triggered normal close sequence.
[2026-05-25 21:09:07] INFO [market_data_system:ws.py:25] - Client disconnected. Total active connections: 0
[2026-05-25 21:09:20] WARNING [market_data_system:collector.py:71] - Attempt 1/3 failed to fetch SOLUSDT: 
[2026-05-25 21:09:46] WARNING [market_data_system:collector.py:71] - Attempt 1/3 failed to fetch ADAUSDT: 
[2026-05-25 21:10:04] WARNING [market_data_system:collector.py:71] - Attempt 1/3 failed to fetch SOLUSDT: 
[2026-05-25 21:10:07] INFO [market_data_system:ws.py:20] - New client connected. Total active connections: 1
[2026-05-25 21:10:34] WARNING [market_data_system:collector.py:71] - Attempt 1/3 failed to fetch ADAUSDT: 
[2026-05-25 21:10:45] WARNING [market_data_system:collector.py:71] - Attempt 1/3 failed to fetch SOLUSDT: 
[2026-05-25 21:11:16] WARNING [market_data_system:collector.py:71] - Attempt 1/3 failed to fetch BTCUSDT: 
[2026-05-25 21:11:18] INFO [market_data_system:ws.py:76] - Client triggered normal close sequence.
[2026-05-25 21:11:18] INFO [market_data_system:ws.py:25] - Client disconnected. Total active connections: 0
[2026-05-25 21:11:35] WARNING [market_data_system:collector.py:71] - Attempt 1/3 failed to fetch SOLUSDT: 
[2026-05-25 21:11:47] INFO [market_data_system:ws.py:20] - New client connected. Total active connections: 1
[2026-05-25 21:12:37] INFO [market_data_system:ws.py:76] - Client triggered normal close sequence.
[2026-05-25 21:12:37] INFO [market_data_system:ws.py:25] - Client disconnected. Total active connections: 0
[2026-05-25 21:12:57] WARNING [market_data_system:collector.py:71] - Attempt 1/3 failed to fetch SOLUSDT: 
[2026-05-25 21:13:08] INFO [market_data_system:ws.py:20] - New client connected. Total active connections: 1
[2026-05-25 21:13:15] INFO [market_data_system:ws.py:76] - Client triggered normal close sequence.
[2026-05-25 21:13:15] INFO [market_data_system:ws.py:25] - Client disconnected. Total active connections: 0
[2026-05-25 21:13:16] INFO [market_data_system:main.py:45] - Initiating system shutdown sequences...
[2026-05-25 21:13:16] INFO [market_data_system:pipeline.py:68] - Real-Time Processing Pipeline coordinator stopped.
[2026-05-25 21:13:16] INFO [market_data_system:collector.py:172] - Stopping Market Data Collector ingestion engine...
[2026-05-25 21:13:16] INFO [market_data_system:main.py:61] - Shutdown sequences completed. System offline.
[2026-05-25 21:13:20] INFO [market_data_system:queue.py:35] - Initialized In-Memory Market Queue.
[2026-05-25 21:13:20] INFO [market_data_system:queue.py:35] - Initialized In-Memory Market Queue.
[2026-05-25 21:13:20] INFO [market_data_system:main.py:19] - Initializing system startup sequences...
[2026-05-25 21:13:20] INFO [market_data_system:database.py:41] - Initializing database schemas...
[2026-05-25 21:13:20] INFO [market_data_system:database.py:45] - Database initialized successfully.
[2026-05-25 21:13:21] INFO [market_data_system:queue.py:64] - Initialized Redis Queue connection to localhost:6379
[2026-05-25 21:13:21] WARNING [market_data_system:collector.py:93] - Skipping tick: Unknown symbol mapping for DOGEUSDT-CORRUPTED
[2026-05-25 21:13:21] ERROR [market_data_system:collector.py:113] - Failed to normalize corrupted/invalid payload: {'symbol': 'BTCUSDT', 'price': 'not-a-number'}. Error: could not convert string to float: 'not-a-number'
[2026-05-25 21:13:21] ERROR [market_data_system:collector.py:113] - Failed to normalize corrupted/invalid payload: {'symbol': 'BTCUSDT', 'price': '-500.00'}. Error: Price must be strictly positive
[2026-05-25 21:13:21] INFO [market_data_system:queue.py:35] - Initialized In-Memory Market Queue.
[2026-05-25 21:13:21] WARNING [market_data_system:collector.py:71] - Attempt 1/3 failed to fetch INVALID_EXCHANGE_TICKER: Client error '400 Bad Request' for url 'https://api.binance.com/api/v3/ticker/price?symbol=INVALID_EXCHANGE_TICKER'
For more information check: https://developer.mozilla.org/en-US/docs/Web/HTTP/Status/400
[2026-05-25 21:13:23] WARNING [market_data_system:collector.py:71] - Attempt 2/3 failed to fetch INVALID_EXCHANGE_TICKER: Client error '400 Bad Request' for url 'https://api.binance.com/api/v3/ticker/price?symbol=INVALID_EXCHANGE_TICKER'
For more information check: https://developer.mozilla.org/en-US/docs/Web/HTTP/Status/400
[2026-05-25 21:13:26] WARNING [market_data_system:collector.py:71] - Attempt 3/3 failed to fetch INVALID_EXCHANGE_TICKER: Client error '400 Bad Request' for url 'https://api.binance.com/api/v3/ticker/price?symbol=INVALID_EXCHANGE_TICKER'
For more information check: https://developer.mozilla.org/en-US/docs/Web/HTTP/Status/400
[2026-05-25 21:13:26] INFO [market_data_system:queue.py:35] - Initialized In-Memory Market Queue.
[2026-05-25 21:13:46] WARNING [market_data_system:queue.py:106] - Redis connection failed (Redis ping failed.). Falling back to InMemoryMarketQueue as configured.
[2026-05-25 21:13:46] INFO [market_data_system:queue.py:35] - Initialized In-Memory Market Queue.
[2026-05-25 21:13:47] INFO [market_data_system:pipeline.py:58] - Real-Time Processing Pipeline coordinator started.
[2026-05-25 21:13:47] INFO [market_data_system:main.py:41] - Startup sequences successfully completed. System is active.
[2026-05-25 21:13:47] INFO [market_data_system:collector.py:138] - Starting Market Data Collector ingestion engine...
[2026-05-25 21:14:24] INFO [market_data_system:main.py:19] - Initializing system startup sequences...
[2026-05-25 21:14:24] INFO [market_data_system:database.py:41] - Initializing database schemas...
[2026-05-25 21:14:24] INFO [market_data_system:database.py:45] - Database initialized successfully.
[2026-05-25 21:14:24] INFO [market_data_system:queue.py:64] - Initialized Redis Queue connection to localhost:6379
[2026-05-25 21:14:32] INFO [market_data_system:main.py:45] - Initiating system shutdown sequences...
[2026-05-25 21:14:32] INFO [market_data_system:pipeline.py:68] - Real-Time Processing Pipeline coordinator stopped.
[2026-05-25 21:14:32] INFO [market_data_system:collector.py:172] - Stopping Market Data Collector ingestion engine...
[2026-05-25 21:14:32] INFO [market_data_system:main.py:61] - Shutdown sequences completed. System offline.
[2026-05-25 21:14:47] WARNING [market_data_system:queue.py:106] - Redis connection failed (Redis ping failed.). Falling back to InMemoryMarketQueue as configured.
[2026-05-25 21:14:47] INFO [market_data_system:queue.py:35] - Initialized In-Memory Market Queue.
[2026-05-25 21:14:48] INFO [market_data_system:pipeline.py:58] - Real-Time Processing Pipeline coordinator started.
[2026-05-25 21:14:48] INFO [market_data_system:main.py:41] - Startup sequences successfully completed. System is active.
[2026-05-25 21:14:48] INFO [market_data_system:collector.py:138] - Starting Market Data Collector ingestion engine...
[2026-05-25 21:15:14] INFO [market_data_system:main.py:19] - Initializing system startup sequences...
[2026-05-25 21:15:14] INFO [market_data_system:database.py:41] - Initializing database schemas...
[2026-05-25 21:15:14] INFO [market_data_system:database.py:45] - Database initialized successfully.
[2026-05-25 21:15:14] INFO [market_data_system:queue.py:64] - Initialized Redis Queue connection to localhost:6379
[2026-05-25 21:15:36] WARNING [market_data_system:queue.py:106] - Redis connection failed (Redis ping failed.). Falling back to InMemoryMarketQueue as configured.
[2026-05-25 21:15:36] INFO [market_data_system:queue.py:35] - Initialized In-Memory Market Queue.
[2026-05-25 21:15:37] INFO [market_data_system:pipeline.py:58] - Real-Time Processing Pipeline coordinator started.
[2026-05-25 21:15:37] INFO [market_data_system:main.py:41] - Startup sequences successfully completed. System is active.
[2026-05-25 21:15:37] INFO [market_data_system:collector.py:138] - Starting Market Data Collector ingestion engine...
[2026-05-25 21:15:40] INFO [market_data_system:ws.py:20] - New client connected. Total active connections: 1
[2026-05-25 21:16:05] WARNING [market_data_system:collector.py:71] - Attempt 1/3 failed to fetch SOLUSDT: 
[2026-05-25 21:17:35] INFO [market_data_system:ws.py:76] - Client triggered normal close sequence.
[2026-05-25 21:17:35] INFO [market_data_system:ws.py:25] - Client disconnected. Total active connections: 0
[2026-05-25 21:17:37] INFO [market_data_system:ws.py:20] - New client connected. Total active connections: 1
[2026-05-25 21:18:44] WARNING [market_data_system:collector.py:71] - Attempt 1/3 failed to fetch ETHUSDT: 
[2026-05-25 21:20:46] WARNING [market_data_system:collector.py:71] - Attempt 1/3 failed to fetch BTCUSDT: 
[2026-05-25 21:21:12] INFO [market_data_system:ws.py:76] - Client triggered normal close sequence.
[2026-05-25 21:21:12] INFO [market_data_system:ws.py:25] - Client disconnected. Total active connections: 0
[2026-05-25 21:21:13] INFO [market_data_system:ws.py:20] - New client connected. Total active connections: 1
[2026-05-25 21:21:20] WARNING [market_data_system:collector.py:71] - Attempt 1/3 failed to fetch SOLUSDT: 
[2026-05-25 21:21:46] WARNING [market_data_system:collector.py:71] - Attempt 1/3 failed to fetch SOLUSDT: 
[2026-05-25 21:25:53] INFO [market_data_system:ws.py:76] - Client triggered normal close sequence.
[2026-05-25 21:25:53] INFO [market_data_system:ws.py:25] - Client disconnected. Total active connections: 0
[2026-05-25 21:25:55] INFO [market_data_system:ws.py:20] - New client connected. Total active connections: 1
[2026-05-25 21:31:30] INFO [market_data_system:ws.py:76] - Client triggered normal close sequence.
[2026-05-25 21:31:30] INFO [market_data_system:ws.py:25] - Client disconnected. Total active connections: 0
[2026-05-25 21:31:32] INFO [market_data_system:ws.py:20] - New client connected. Total active connections: 1
[2026-05-25 21:33:09] INFO [market_data_system:ws.py:76] - Client triggered normal close sequence.
[2026-05-25 21:33:09] INFO [market_data_system:ws.py:25] - Client disconnected. Total active connections: 0
[2026-05-25 21:33:10] INFO [market_data_system:ws.py:20] - New client connected. Total active connections: 1
[2026-05-25 21:33:33] INFO [market_data_system:ws.py:76] - Client triggered normal close sequence.
[2026-05-25 21:33:33] INFO [market_data_system:ws.py:25] - Client disconnected. Total active connections: 0
[2026-05-25 21:33:34] INFO [market_data_system:ws.py:20] - New client connected. Total active connections: 1
[2026-05-25 21:34:14] INFO [market_data_system:ws.py:76] - Client triggered normal close sequence.
[2026-05-25 21:34:14] INFO [market_data_system:ws.py:25] - Client disconnected. Total active connections: 0
[2026-05-25 21:34:14] INFO [market_data_system:ws.py:20] - New client connected. Total active connections: 1
